<?xml version="1.0" encoding="UTF-8"?>
<testsuite xmlns:xsi="http://www.w3.org/2001/XMLSchema-instance" xsi:noNamespaceSchemaLocation="https://maven.apache.org/surefire/maven-surefire-plugin/xsd/surefire-test-report-3.0.xsd" version="3.0" name="com.invest.service.CarteiraServiceTest" time="1.798" tests="6" errors="1" skipped="0" failures="0">
  <properties>
[...]
</properties>
  <testcase name="deveListarCarteirasInvestidor" classname="com.invest.service.CarteiraServiceTest" time="1.671">
    <error message="&#10;Strict stubbing argument mismatch. Please check:&#10; - this invocation of &apos;findByInvestidor&apos; method:&#10;    carteiraRepository.findByInvestidor(&#10;    com.invest.model.Investidor@11a00961&#10;);&#10;    -&gt; at com.invest.service.CarteiraService.getCarteirasByInvestidor(CarteiraService.java:118)&#10; - has following stubbing(s) with different arguments:&#10;    1. carteiraRepository.findByInvestidor(&#10;    com.invest.model.Investidor@36dfbdaf&#10;);&#10;      -&gt; at com.invest.service.CarteiraServiceTest.deveListarCarteirasInvestidor(CarteiraServiceTest.java:186)&#10;Typically, stubbing argument mismatch indicates user mistake when writing tests.&#10;Mockito fails early so that you can debug potential problem easily.&#10;However, there are legit scenarios when this exception generates false negative signal:&#10;  - stubbing the same method multiple times using &apos;given().will()&apos; or &apos;when().then()&apos; API&#10;    Please use &apos;will().given()&apos; or &apos;doReturn().when()&apos; API for stubbing.&#10;  - stubbed method is intentionally invoked with different arguments by code under test&#10;    Please use default or &apos;silent&apos; JUnit Rule (equivalent of Strictness.LENIENT).&#10;For more information see javadoc for PotentialStubbingProblem class." type="org.mockito.exceptions.misusing.PotentialStubbingProblem"><![CDATA[org.mockito.exceptions.misusing.PotentialStubbingProblem: 

Strict stubbing argument mismatch. Please check:
 - this invocation of 'findByInvestidor' method:
    carteiraRepository.findByInvestidor(
    com.invest.model.Investidor@11a00961
);
    -> at com.invest.service.CarteiraService.getCarteirasByInvestidor(CarteiraService.java:118)
 - has following stubbing(s) with different arguments:
    1. carteiraRepository.findByInvestidor(
    com.invest.model.Investidor@36dfbdaf
);
      -> at com.invest.service.CarteiraServiceTest.deveListarCarteirasInvestidor(CarteiraServiceTest.java:186)
Typically, stubbing argument mismatch indicates user mistake when writing tests.
Mockito fails early so that you can debug potential problem easily.
However, there are legit scenarios when this exception generates false negative signal:
  - stubbing the same method multiple times using 'given().will()' or 'when().then()' API
    Please use 'will().given()' or 'doReturn().when()' API for stubbing.
  - stubbed method is intentionally invoked with different arguments by code under test
    Please use default or 'silent' JUnit Rule (equivalent of Strictness.LENIENT).
For more information see javadoc for PotentialStubbingProblem class.
	at com.invest.service.CarteiraService.getCarteirasByInvestidor(CarteiraService.java:118)
	at com.invest.service.CarteiraServiceTest.deveListarCarteirasInvestidor(CarteiraServiceTest.java:189)
	at java.base/java.lang.reflect.Method.invoke(Method.java:580)
	at java.base/java.util.ArrayList.forEach(ArrayList.java:1596)
	at java.base/java.util.ArrayList.forEach(ArrayList.java:1596)
]]></error>
    <system-err><![CDATA[WARNING: A Java agent has been loaded dynamically (/home/beatrizmazzucatto/.m2/repository/net/bytebuddy/byte-buddy-agent/1.14.10/byte-buddy-agent-1.14.10.jar)
WARNING: If a serviceability tool is in use, please run with -XX:+EnableDynamicAgentLoading to hide this warning
WARNING: If a serviceability tool is not in use, please run with -Djdk.instrument.traceUsage for more information
WARNING: Dynamic loading of agents will be disallowed by default in a future release
]]></system-err>
  </testcase>
  <testcase name="deveCriarCarteiraComSucesso" classname="com.invest.service.CarteiraServiceTest" time="0.027"/>
  <testcase name="deveAtualizarCarteiraExistente" classname="com.invest.service.CarteiraServiceTest" time="0.012"/>
  <testcase name="deveBuscarCarteiraPorId" classname="com.invest.service.CarteiraServiceTest" time="0.007"/>
  <testcase name="deveFazerUpdateParcialCarteira" classname="com.invest.service.CarteiraServiceTest" time="0.009"/>
  <testcase name="deveLancarExcecaoCarteiraNaoExiste" classname="com.invest.service.CarteiraServiceTest" time="0.01"/>
</testsuite>